build/intermediates/manifest_merge_blame_file/debug/processDebugMainManifest/manifest-merger-blame-debug-report.txt
1<?xml version="1.0" encoding="utf-8"?>
2<manifest xmlns:android="http://schemas.android.com/apk/res/android"
3    package="org.jfedor.frozenbubble"
4    android:versionCode="54"
5    android:versionName="4.4" >
6
7    <uses-sdk
8        android:minSdkVersion="21"
9        android:targetSdkVersion="35" />
10
11    <supports-screens
11-->local/frozenbubbleandroid-master/AndroidManifest.xml:7:3-13:35
12        android:anyDensity="true"
12-->local/frozenbubbleandroid-master/AndroidManifest.xml:11:5-30
13        android:largeScreens="true"
13-->local/frozenbubbleandroid-master/AndroidManifest.xml:10:5-32
14        android:normalScreens="true"
14-->local/frozenbubbleandroid-master/AndroidManifest.xml:9:5-33
15        android:resizeable="true"
15-->local/frozenbubbleandroid-master/AndroidManifest.xml:12:5-30
16        android:smallScreens="true"
16-->local/frozenbubbleandroid-master/AndroidManifest.xml:8:5-32
17        android:xlargeScreens="true" />
17-->local/frozenbubbleandroid-master/AndroidManifest.xml:13:5-33
18
19    <uses-feature
19-->local/frozenbubbleandroid-master/AndroidManifest.xml:15:3-86
20        android:name="android.hardware.bluetooth"
20-->local/frozenbubbleandroid-master/AndroidManifest.xml:15:17-58
21        android:required="false" />
21-->local/frozenbubbleandroid-master/AndroidManifest.xml:15:59-83
22    <uses-feature
22-->local/frozenbubbleandroid-master/AndroidManifest.xml:16:3-88
23        android:name="android.hardware.touchscreen"
23-->local/frozenbubbleandroid-master/AndroidManifest.xml:16:17-60
24        android:required="false" />
24-->local/frozenbubbleandroid-master/AndroidManifest.xml:16:61-85
25    <uses-feature
25-->local/frozenbubbleandroid-master/AndroidManifest.xml:17:3-81
26        android:name="android.hardware.wifi"
26-->local/frozenbubbleandroid-master/AndroidManifest.xml:17:17-53
27        android:required="false" />
27-->local/frozenbubbleandroid-master/AndroidManifest.xml:17:54-78
28
29    <uses-permission android:name="android.permission.ACCESS_NETWORK_STATE" />
29-->local/frozenbubbleandroid-master/AndroidManifest.xml:19:3-76
29-->local/frozenbubbleandroid-master/AndroidManifest.xml:19:20-74
30    <uses-permission android:name="android.permission.ACCESS_WIFI_STATE" />
30-->local/frozenbubbleandroid-master/AndroidManifest.xml:20:3-73
30-->local/frozenbubbleandroid-master/AndroidManifest.xml:20:20-71
31    <uses-permission
31-->local/frozenbubbleandroid-master/AndroidManifest.xml:21:3-22:33
32        android:name="android.permission.BLUETOOTH"
32-->local/frozenbubbleandroid-master/AndroidManifest.xml:21:20-63
33        android:maxSdkVersion="30" />
33-->local/frozenbubbleandroid-master/AndroidManifest.xml:22:5-31
34    <uses-permission
34-->local/frozenbubbleandroid-master/AndroidManifest.xml:23:3-24:33
35        android:name="android.permission.BLUETOOTH_ADMIN"
35-->local/frozenbubbleandroid-master/AndroidManifest.xml:23:20-69
36        android:maxSdkVersion="30" />
36-->local/frozenbubbleandroid-master/AndroidManifest.xml:24:5-31
37    <uses-permission android:name="android.permission.BLUETOOTH_CONNECT" />
37-->local/frozenbubbleandroid-master/AndroidManifest.xml:25:3-73
37-->local/frozenbubbleandroid-master/AndroidManifest.xml:25:20-71
38    <uses-permission android:name="android.permission.CHANGE_WIFI_MULTICAST_STATE" />
38-->local/frozenbubbleandroid-master/AndroidManifest.xml:26:3-83
38-->local/frozenbubbleandroid-master/AndroidManifest.xml:26:20-81
39    <uses-permission android:name="android.permission.INTERNET" />
39-->local/frozenbubbleandroid-master/AndroidManifest.xml:27:3-64
39-->local/frozenbubbleandroid-master/AndroidManifest.xml:27:20-62
40
41    <application
41-->local/frozenbubbleandroid-master/AndroidManifest.xml:29:3-68:17
42        android:allowBackup="true"
42-->local/frozenbubbleandroid-master/AndroidManifest.xml:30:5-31
43        android:debuggable="true"
44        android:extractNativeLibs="true"
45        android:icon="@drawable/app_frozen_bubble"
45-->local/frozenbubbleandroid-master/AndroidManifest.xml:31:5-47
46        android:label="@string/app_name" >
46-->local/frozenbubbleandroid-master/AndroidManifest.xml:32:5-37
47        <activity
47-->local/frozenbubbleandroid-master/AndroidManifest.xml:34:5-45:16
48            android:name="org.jfedor.frozenbubble.FrozenBubble"
48-->local/frozenbubbleandroid-master/AndroidManifest.xml:35:7-34
49            android:alwaysRetainTaskState="true"
49-->local/frozenbubbleandroid-master/AndroidManifest.xml:38:7-43
50            android:configChanges="keyboardHidden|orientation"
50-->local/frozenbubbleandroid-master/AndroidManifest.xml:36:7-57
51            android:exported="true"
51-->local/frozenbubbleandroid-master/AndroidManifest.xml:39:7-30
52            android:label="@string/app_name"
52-->local/frozenbubbleandroid-master/AndroidManifest.xml:37:7-39
53            android:launchMode="singleInstance" >
53-->local/frozenbubbleandroid-master/AndroidManifest.xml:40:7-42
54            <intent-filter>
54-->local/frozenbubbleandroid-master/AndroidManifest.xml:41:7-44:23
55                <action android:name="org.jfedor.frozenbubble.GAME" />
55-->local/frozenbubbleandroid-master/AndroidManifest.xml:42:9-62
55-->local/frozenbubbleandroid-master/AndroidManifest.xml:42:17-60
56
57                <category android:name="android.intent.category.DEFAULT" />
57-->local/frozenbubbleandroid-master/AndroidManifest.xml:43:9-67
57-->local/frozenbubbleandroid-master/AndroidManifest.xml:43:19-65
58            </intent-filter>
59        </activity>
60        <activity
60-->local/frozenbubbleandroid-master/AndroidManifest.xml:47:5-50:16
61            android:name="com.efortin.frozenbubble.PreferencesActivity"
61-->local/frozenbubbleandroid-master/AndroidManifest.xml:48:7-66
62            android:theme="@android:style/Theme.Black.NoTitleBar" >
62-->local/frozenbubbleandroid-master/AndroidManifest.xml:49:7-60
63        </activity>
64        <activity
64-->local/frozenbubbleandroid-master/AndroidManifest.xml:52:5-56:16
65            android:name="com.efortin.frozenbubble.ScrollingCredits"
65-->local/frozenbubbleandroid-master/AndroidManifest.xml:53:7-63
66            android:configChanges="keyboardHidden|orientation"
66-->local/frozenbubbleandroid-master/AndroidManifest.xml:54:7-57
67            android:label="@string/menu_about" >
67-->local/frozenbubbleandroid-master/AndroidManifest.xml:55:7-41
68        </activity>
69        <activity
69-->local/frozenbubbleandroid-master/AndroidManifest.xml:58:5-67:16
70            android:name="com.efortin.frozenbubble.HomeScreen"
70-->local/frozenbubbleandroid-master/AndroidManifest.xml:59:7-57
71            android:configChanges="keyboardHidden|orientation"
71-->local/frozenbubbleandroid-master/AndroidManifest.xml:60:7-57
72            android:exported="true"
72-->local/frozenbubbleandroid-master/AndroidManifest.xml:61:7-30
73            android:label="@string/title_activity_home_screen" >
73-->local/frozenbubbleandroid-master/AndroidManifest.xml:62:7-57
74            <intent-filter>
74-->local/frozenbubbleandroid-master/AndroidManifest.xml:63:7-66:23
75                <action android:name="android.intent.action.MAIN" />
75-->local/frozenbubbleandroid-master/AndroidManifest.xml:64:9-60
75-->local/frozenbubbleandroid-master/AndroidManifest.xml:64:17-58
76
77                <category android:name="android.intent.category.LAUNCHER" />
77-->local/frozenbubbleandroid-master/AndroidManifest.xml:65:9-68
77-->local/frozenbubbleandroid-master/AndroidManifest.xml:65:19-66
78            </intent-filter>
79        </activity>
80    </application>
81
82</manifest>